Determining if the pthread_create exist failed with the following output:
Change Dir: /home/linux123/DeepPX4/build/CMakeFiles/CMakeTmp

Run Build Command:"/usr/bin/make" "cmTC_a3729/fast"
/usr/bin/make -f CMakeFiles/cmTC_a3729.dir/build.make CMakeFiles/cmTC_a3729.dir/build
make[1]: Verzeichnis „/home/linux123/DeepPX4/build/CMakeFiles/CMakeTmp“ wird betreten
Building C object CMakeFiles/cmTC_a3729.dir/CheckSymbolExists.c.o
/usr/bin/cc    -o CMakeFiles/cmTC_a3729.dir/CheckSymbolExists.c.o   -c /home/linux123/DeepPX4/build/CMakeFiles/CMakeTmp/CheckSymbolExists.c
Linking C executable cmTC_a3729
/usr/bin/cmake -E cmake_link_script CMakeFiles/cmTC_a3729.dir/link.txt --verbose=1
/usr/bin/cc      -rdynamic CMakeFiles/cmTC_a3729.dir/CheckSymbolExists.c.o  -o cmTC_a3729 
CMakeFiles/cmTC_a3729.dir/CheckSymbolExists.c.o: In Funktion »main«:
CheckSymbolExists.c:(.text+0x1b): Warnung: undefinierter Verweis auf »pthread_create«
collect2: error: ld returned 1 exit status
CMakeFiles/cmTC_a3729.dir/build.make:97: recipe for target 'cmTC_a3729' failed
make[1]: *** [cmTC_a3729] Error 1
make[1]: Verzeichnis „/home/linux123/DeepPX4/build/CMakeFiles/CMakeTmp“ wird verlassen
Makefile:126: recipe for target 'cmTC_a3729/fast' failed
make: *** [cmTC_a3729/fast] Error 2

File /home/linux123/DeepPX4/build/CMakeFiles/CMakeTmp/CheckSymbolExists.c:
/* */
#include <pthread.h>

int main(int argc, char** argv)
{
  (void)argv;
#ifndef pthread_create
  return ((int*)(&pthread_create))[argc];
#else
  (void)argc;
  return 0;
#endif
}

Determining if the function pthread_create exists in the pthreads failed with the following output:
Change Dir: /home/linux123/DeepPX4/build/CMakeFiles/CMakeTmp

Run Build Command:"/usr/bin/make" "cmTC_a05c4/fast"
/usr/bin/make -f CMakeFiles/cmTC_a05c4.dir/build.make CMakeFiles/cmTC_a05c4.dir/build
make[1]: Verzeichnis „/home/linux123/DeepPX4/build/CMakeFiles/CMakeTmp“ wird betreten
Building C object CMakeFiles/cmTC_a05c4.dir/CheckFunctionExists.c.o
/usr/bin/cc   -DCHECK_FUNCTION_EXISTS=pthread_create   -o CMakeFiles/cmTC_a05c4.dir/CheckFunctionExists.c.o   -c /usr/share/cmake-3.10/Modules/CheckFunctionExists.c
Linking C executable cmTC_a05c4
/usr/bin/cmake -E cmake_link_script CMakeFiles/cmTC_a05c4.dir/link.txt --verbose=1
/usr/bin/cc  -DCHECK_FUNCTION_EXISTS=pthread_create    -rdynamic CMakeFiles/cmTC_a05c4.dir/CheckFunctionExists.c.o  -o cmTC_a05c4 -lpthreads 
/usr/bin/ld: -lpthreads kann nicht gefunden werden
collect2: error: ld returned 1 exit status
CMakeFiles/cmTC_a05c4.dir/build.make:97: recipe for target 'cmTC_a05c4' failed
make[1]: *** [cmTC_a05c4] Error 1
make[1]: Verzeichnis „/home/linux123/DeepPX4/build/CMakeFiles/CMakeTmp“ wird verlassen
Makefile:126: recipe for target 'cmTC_a05c4/fast' failed
make: *** [cmTC_a05c4/fast] Error 2


